<?xml version="1.0" encoding="UTF-8"?>
<!-- Generated by org.testng.reporters.JUnitReportReporter -->
<testsuite hostname="RMM-LT-924" name="com.paras.Selenium_Basics.TestRunner" tests="1" failures="0" timestamp="11 Oct 2018 06:00:48 GMT" time="14.707" errors="0">
  <testcase name="feature" time="14.707" classname="com.paras.Selenium_Basics.TestRunner"/>
</testsuite> <!-- com.paras.Selenium_Basics.TestRunner -->
